{
  "stats": {
    "suites": 1,
    "tests": 1,
    "passes": 0,
    "pending": 0,
    "failures": 1,
    "start": "2022-06-17T20:09:38.240Z",
    "end": "2022-06-17T20:09:40.735Z",
    "duration": 2495,
    "testsRegistered": 1,
    "passPercent": 0,
    "pendingPercent": 0,
    "other": 0,
    "hasOther": false,
    "skipped": 0,
    "hasSkipped": false
  },
  "results": [
    {
      "uuid": "ceff4df6-d242-47b9-b325-d8093875ebdf",
      "title": "",
      "fullFile": "cypress/integration/learning-cypress/BDD/ecommerce.feature",
      "file": "cypress/integration/learning-cypress/BDD/ecommerce.feature",
      "beforeHooks": [],
      "afterHooks": [],
      "tests": [],
      "suites": [
        {
          "uuid": "33bf064a-a74b-4635-8a32-c2c2ab4c7979",
          "title": "End to End ecommerce validation",
          "fullFile": "",
          "file": "",
          "beforeHooks": [],
          "afterHooks": [],
          "tests": [
            {
              "title": "Ecommerce product delivery",
              "fullTitle": "End to End ecommerce validation Ecommerce product delivery",
              "timedOut": null,
              "duration": 762,
              "state": "failed",
              "speed": null,
              "pass": false,
              "fail": true,
              "pending": false,
              "context": null,
              "code": "const state = window.testState;\nreturn cy\n  .then(() => state.onStartScenario(scenario, indexedSteps))\n  .then(() =>\n    resolveAndRunBeforeHooks.call(this, scenario.tags, state.feature.name)\n  )\n  .then(() =>\n    indexedSteps.forEach((step) =>\n      stepTest.call(this, state, step, rowData)\n    )\n  )\n  .then(() => state.onFinishScenario(scenario));",
              "err": {
                "message": "Error: Step implementation missing for: I open ecommerce page",
                "estack": "Error: Step implementation missing for: I open ecommerce page\n    at Context.resolveAndRunStepDefinition (http://localhost:59767/__cypress/tests?p=cypress\\integration\\learning-cypress\\BDD\\ecommerce.feature:12283:11)\n    at Context.eval (http://localhost:59767/__cypress/tests?p=cypress\\integration\\learning-cypress\\BDD\\ecommerce.feature:11598:35)",
                "diff": null
              },
              "uuid": "439e4ff6-c37f-441e-9923-603c19ea1fcb",
              "parentUUID": "33bf064a-a74b-4635-8a32-c2c2ab4c7979",
              "isHook": false,
              "skipped": false
            }
          ],
          "suites": [],
          "passes": [],
          "failures": [
            "439e4ff6-c37f-441e-9923-603c19ea1fcb"
          ],
          "pending": [],
          "skipped": [],
          "duration": 762,
          "root": false,
          "rootEmpty": false,
          "_timeout": 2000
        }
      ],
      "passes": [],
      "failures": [],
      "pending": [],
      "skipped": [],
      "duration": 0,
      "root": true,
      "rootEmpty": true,
      "_timeout": 2000
    }
  ],
  "meta": {
    "mocha": {
      "version": "7.0.1"
    },
    "mochawesome": {
      "options": {
        "quiet": false,
        "reportFilename": "mochawesome",
        "saveHtml": true,
        "saveJson": true,
        "consoleReporter": "spec",
        "useInlineDiffs": false,
        "code": true
      },
      "version": "7.1.3"
    },
    "marge": {
      "options": null,
      "version": "6.2.0"
    }
  }
}